# JRE version: OpenJDK Runtime Environment (8.0_152-b01) (build 1.8.0_152-release-915-b01)
# Java VM: OpenJDK 64-Bit Server VM (25.152-b01 mixed mode windows-amd64 compressed oops)
Heap:
 PSYoungGen      total 196608K, used 74968K [0x00000000e0000000, 0x00000000ef980000, 0x0000000100000000)
  eden space 168448K, 27% used [0x00000000e0000000,0x00000000e2e0c620,0x00000000ea480000)
  from space 28160K, 98% used [0x00000000ea980000,0x00000000ec4a9b08,0x00000000ec500000)
  to   space 43520K, 0% used [0x00000000ecf00000,0x00000000ecf00000,0x00000000ef980000)
 ParOldGen       total 166912K, used 53220K [0x00000000a0000000, 0x00000000aa300000, 0x00000000e0000000)
  object space 166912K, 31% used [0x00000000a0000000,0x00000000a33f9070,0x00000000aa300000)
 Metaspace       used 82746K, capacity 87561K, committed 87640K, reserved 1126400K
  class space    used 10489K, capacity 11574K, committed 11648K, reserved 1048576K
GC Heap History (10 events):
Event: 3481.067 GC heap before
{Heap before GC invocations=24 (full 3):
 PSYoungGen      total 173568K, used 173564K [0x00000000e0000000, 0x00000000ed500000, 0x0000000100000000)
  eden space 140800K, 100% used [0x00000000e0000000,0x00000000e8980000,0x00000000e8980000)
  from space 32768K, 99% used [0x00000000eae80000,0x00000000ece7f2e0,0x00000000ece80000)
  to   space 37888K, 0% used [0x00000000e8980000,0x00000000e8980000,0x00000000eae80000)
 ParOldGen       total 166912K, used 53188K [0x00000000a0000000, 0x00000000aa300000, 0x00000000e0000000)
  object space 166912K, 31% used [0x00000000a0000000,0x00000000a33f1070,0x00000000aa300000)
 Metaspace       used 81091K, capacity 85207K, committed 85336K, reserved 1124352K
  class space    used 10381K, capacity 11326K, committed 11392K, reserved 1048576K
Event: 3481.114 GC heap after
Heap after GC invocations=24 (full 3):
 PSYoungGen      total 178688K, used 26539K [0x00000000e0000000, 0x00000000ee680000, 0x0000000100000000)
  eden space 140800K, 0% used [0x00000000e0000000,0x00000000e0000000,0x00000000e8980000)
  from space 37888K, 70% used [0x00000000e8980000,0x00000000ea36afe0,0x00000000eae80000)
  to   space 39424K, 0% used [0x00000000ec000000,0x00000000ec000000,0x00000000ee680000)
 ParOldGen       total 166912K, used 53188K [0x00000000a0000000, 0x00000000aa300000, 0x00000000e0000000)
  object space 166912K, 31% used [0x00000000a0000000,0x00000000a33f1070,0x00000000aa300000)
 Metaspace       used 81091K, capacity 85207K, committed 85336K, reserved 1124352K
  class space    used 10381K, capacity 11326K, committed 11392K, reserved 1048576K
}
Event: 3484.287 GC heap before
{Heap before GC invocations=25 (full 3):
 PSYoungGen      total 178688K, used 167339K [0x00000000e0000000, 0x00000000ee680000, 0x0000000100000000)
  eden space 140800K, 100% used [0x00000000e0000000,0x00000000e8980000,0x00000000e8980000)
  from space 37888K, 70% used [0x00000000e8980000,0x00000000ea36afe0,0x00000000eae80000)
  to   space 39424K, 0% used [0x00000000ec000000,0x00000000ec000000,0x00000000ee680000)
 ParOldGen       total 166912K, used 53188K [0x00000000a0000000, 0x00000000aa300000, 0x00000000e0000000)
  object space 166912K, 31% used [0x00000000a0000000,0x00000000a33f1070,0x00000000aa300000)
 Metaspace       used 81632K, capacity 85783K, committed 85848K, reserved 1124352K
  class space    used 10392K, capacity 11337K, committed 11392K, reserved 1048576K
Event: 3484.323 GC heap after
Heap after GC invocations=25 (full 3):
 PSYoungGen      total 195072K, used 28702K [0x00000000e0000000, 0x00000000ee980000, 0x0000000100000000)
  eden space 155648K, 0% used [0x00000000e0000000,0x00000000e0000000,0x00000000e9800000)
  from space 39424K, 72% used [0x00000000ec000000,0x00000000edc079f8,0x00000000ee680000)
  to   space 40960K, 0% used [0x00000000e9800000,0x00000000e9800000,0x00000000ec000000)
 ParOldGen       total 166912K, used 53196K [0x00000000a0000000, 0x00000000aa300000, 0x00000000e0000000)
  object space 166912K, 31% used [0x00000000a0000000,0x00000000a33f3070,0x00000000aa300000)
 Metaspace       used 81632K, capacity 85783K, committed 85848K, reserved 1124352K
  class space    used 10392K, capacity 11337K, committed 11392K, reserved 1048576K
}
Event: 3485.998 GC heap before
{Heap before GC invocations=26 (full 3):
 PSYoungGen      total 195072K, used 183753K [0x00000000e0000000, 0x00000000ee980000, 0x0000000100000000)
  eden space 155648K, 99% used [0x00000000e0000000,0x00000000e976ac30,0x00000000e9800000)
  from space 39424K, 72% used [0x00000000ec000000,0x00000000edc079f8,0x00000000ee680000)
  to   space 40960K, 0% used [0x00000000e9800000,0x00000000e9800000,0x00000000ec000000)
 ParOldGen       total 166912K, used 53196K [0x00000000a0000000, 0x00000000aa300000, 0x00000000e0000000)
  object space 166912K, 31% used [0x00000000a0000000,0x00000000a33f3070,0x00000000aa300000)
 Metaspace       used 81703K, capacity 85861K, committed 86104K, reserved 1124352K
  class space    used 10393K, capacity 11338K, committed 11392K, reserved 1048576K
Event: 3486.044 GC heap after
Heap after GC invocations=26 (full 3):
 PSYoungGen      total 196608K, used 29371K [0x00000000e0000000, 0x00000000f0180000, 0x0000000100000000)
  eden space 155648K, 0% used [0x00000000e0000000,0x00000000e0000000,0x00000000e9800000)
  from space 40960K, 71% used [0x00000000e9800000,0x00000000eb4aedd8,0x00000000ec000000)
  to   space 43008K, 0% used [0x00000000ed780000,0x00000000ed780000,0x00000000f0180000)
 ParOldGen       total 166912K, used 53204K [0x00000000a0000000, 0x00000000aa300000, 0x00000000e0000000)
  object space 166912K, 31% used [0x00000000a0000000,0x00000000a33f5070,0x00000000aa300000)
 Metaspace       used 81703K, capacity 85861K, committed 86104K, reserved 1124352K
  class space    used 10393K, capacity 11338K, committed 11392K, reserved 1048576K
}
Event: 3590.704 GC heap before
{Heap before GC invocations=27 (full 3):
 PSYoungGen      total 196608K, used 185019K [0x00000000e0000000, 0x00000000f0180000, 0x0000000100000000)
  eden space 155648K, 100% used [0x00000000e0000000,0x00000000e9800000,0x00000000e9800000)
  from space 40960K, 71% used [0x00000000e9800000,0x00000000eb4aedd8,0x00000000ec000000)
  to   space 43008K, 0% used [0x00000000ed780000,0x00000000ed780000,0x00000000f0180000)
 ParOldGen       total 166912K, used 53204K [0x00000000a0000000, 0x00000000aa300000, 0x00000000e0000000)
  object space 166912K, 31% used [0x00000000a0000000,0x00000000a33f5070,0x00000000aa300000)
 Metaspace       used 82103K, capacity 86511K, committed 86744K, reserved 1124352K
  class space    used 10434K, capacity 11433K, committed 11520K, reserved 1048576K
Event: 3590.767 GC heap after
Heap after GC invocations=27 (full 3):
 PSYoungGen      total 212480K, used 25931K [0x00000000e0000000, 0x00000000efd80000, 0x0000000100000000)
  eden space 173568K, 0% used [0x00000000e0000000,0x00000000e0000000,0x00000000ea980000)
  from space 38912K, 66% used [0x00000000ed780000,0x00000000ef0d2fd0,0x00000000efd80000)
  to   space 43008K, 0% used [0x00000000ea980000,0x00000000ea980000,0x00000000ed380000)
 ParOldGen       total 166912K, used 53212K [0x00000000a0000000, 0x00000000aa300000, 0x00000000e0000000)
  object space 166912K, 31% used [0x00000000a0000000,0x00000000a33f7070,0x00000000aa300000)
 Metaspace       used 82103K, capacity 86511K, committed 86744K, reserved 1124352K
  class space    used 10434K, capacity 11433K, committed 11520K, reserved 1048576K
}
Event: 3773.307 GC heap before
{Heap before GC invocations=28 (full 3):
 PSYoungGen      total 212480K, used 199499K [0x00000000e0000000, 0x00000000efd80000, 0x0000000100000000)
  eden space 173568K, 100% used [0x00000000e0000000,0x00000000ea980000,0x00000000ea980000)
  from space 38912K, 66% used [0x00000000ed780000,0x00000000ef0d2fd0,0x00000000efd80000)
  to   space 43008K, 0% used [0x00000000ea980000,0x00000000ea980000,0x00000000ed380000)
 ParOldGen       total 166912K, used 53212K [0x00000000a0000000, 0x00000000aa300000, 0x00000000e0000000)
  object space 166912K, 31% used [0x00000000a0000000,0x00000000a33f7070,0x00000000aa300000)
 Metaspace       used 82586K, capacity 87233K, committed 87384K, reserved 1124352K
  class space    used 10480K, capacity 11533K, committed 11648K, reserved 1048576K
Event: 3773.340 GC heap after
Heap after GC invocations=28 (full 3):
 PSYoungGen      total 196608K, used 27814K [0x00000000e0000000, 0x00000000ef980000, 0x0000000100000000)
  eden space 168448K, 0% used [0x00000000e0000000,0x00000000e0000000,0x00000000ea480000)
  from space 28160K, 98% used [0x00000000ea980000,0x00000000ec4a9b08,0x00000000ec500000)
  to   space 43520K, 0% used [0x00000000ecf00000,0x00000000ecf00000,0x00000000ef980000)
 ParOldGen       total 166912K, used 53220K [0x00000000a0000000, 0x00000000aa300000, 0x00000000e0000000)
  object space 166912K, 31% used [0x00000000a0000000,0x00000000a33f9070,0x00000000aa300000)
 Metaspace       used 82586K, capacity 87233K, committed 87384K, reserved 1124352K
  class space    used 10480K, capacity 11533K, committed 11648K, reserved 1048576K
}

